<?xml version="1.0" encoding="UTF-8"?>
<!-- Generated by org.testng.reporters.JUnitReportReporter -->
<testsuite skipped="0" hostname="INL-5MSP2G2" name="restApiAutomation.tests.SampleTest" tests="1" failures="0" timestamp="08 Jun 2018 09:04:39 GMT" time="5.761" errors="0">
  <testcase name="GetWeatherDetails" time="5.761" classname="restApiAutomation.tests.SampleTest"/>
</testsuite> <!-- restApiAutomation.tests.SampleTest -->
